<?xml version="1.0" encoding="UTF-8"?>
<!-- Generated by org.testng.reporters.JUnitXMLReporter -->
<testsuite ignored="1" hostname="DESKTOP-9SQBDHC" failures="0" tests="2" name="Default test" time="23.57" errors="0" timestamp="2023-12-16T20:19:32 IST">
  <testcase classname="com.irctc.tests.homePageTest" name="addLocationsInFields" time="5.05"/>
  <testcase classname="com.irctc.tests.homePageTest" name="addLocationsInFields" time="5.726"/>
  <testcase classname="com.irctc.tests.homePageTest" name="launchWebsiteAndVerify" time="0.0">
    <ignored/>
  </testcase> <!-- launchWebsiteAndVerify -->
</testsuite> <!-- Default test -->
